c:\users\永井大陸\source\repos\6-1-cg2\imgui\x64\debug\imgui_draw.obj
c:\users\永井大陸\source\repos\6-1-cg2\imgui\x64\debug\imgui_demo.obj
c:\users\永井大陸\source\repos\6-1-cg2\imgui\x64\debug\imgui_widgets.obj
c:\users\永井大陸\source\repos\6-1-cg2\imgui\x64\debug\imgui_impl_dx12.obj
c:\users\永井大陸\source\repos\6-1-cg2\imgui\x64\debug\imgui_impl_win32.obj
c:\users\永井大陸\source\repos\6-1-cg2\imgui\x64\debug\imgui.obj
c:\users\永井大陸\source\repos\6-1-cg2\imgui\x64\debug\imgui_tables.obj
c:\users\永井大陸\source\repos\6-1-cg2\x64\debug\imgui.pdb
c:\users\永井大陸\source\repos\6-1-cg2\x64\debug\imgui.lib
c:\users\永井大陸\source\repos\6-1-cg2\project\imgui\x64\debug\imgui.obj
c:\users\永井大陸\source\repos\6-1-cg2\project\imgui\x64\debug\imgui_demo.obj
c:\users\永井大陸\source\repos\6-1-cg2\project\imgui\x64\debug\imgui_draw.obj
c:\users\永井大陸\source\repos\6-1-cg2\project\imgui\x64\debug\imgui_impl_dx12.obj
c:\users\永井大陸\source\repos\6-1-cg2\project\imgui\x64\debug\imgui_impl_win32.obj
c:\users\永井大陸\source\repos\6-1-cg2\project\imgui\x64\debug\imgui_tables.obj
c:\users\永井大陸\source\repos\6-1-cg2\project\imgui\x64\debug\imgui_widgets.obj
c:\users\永井大陸\source\repos\6-1-cg2\project\imgui\x64\debug\imgui.tlog\cl.11624.write.1.tlog
c:\users\永井大陸\source\repos\6-1-cg2\project\imgui\x64\debug\imgui.tlog\cl.command.1.tlog
c:\users\永井大陸\source\repos\6-1-cg2\project\imgui\x64\debug\imgui.tlog\cl.read.1.tlog
c:\users\永井大陸\source\repos\6-1-cg2\project\imgui\x64\debug\imgui.tlog\lib-link.read.1.tlog
c:\users\永井大陸\source\repos\6-1-cg2\project\imgui\x64\debug\imgui.tlog\lib-link.write.1.tlog
c:\users\永井大陸\source\repos\6-1-cg2\project\imgui\x64\debug\imgui.tlog\lib.command.1.tlog
